<?xml version="1.0" encoding="UTF-8" ?>
<testsuite tests="12" failures="0" name="login.RunTest" time="0.09" errors="0" skipped="10">
  <properties>
[...]
</properties>
  <testcase classname="| srishti.13it066@abes.ac.in | apple |" name="Given I am on Gmail login page" time="0.009">
    <skipped/>
    <system-out>Feature: loginGmail

  @Smoke
  Scenario Outline: Bad login           # log.feature:19
    Given I am on Gmail login page
    When I enter username as &lt;username&gt;
    And I enter password as &lt;password&gt;
    Then Login should be Fail

    Examples: 
</system-out>
  </testcase>
  <testcase classname="| srishti.13it066@abes.ac.in | apple |" name="When I enter username as srishti.13it066@abes.ac.in" time="0.011">
    <skipped/>
  </testcase>
  <testcase classname="| srishti.13it066@abes.ac.in | apple |" name="And I enter password as apple" time="0.011">
    <skipped/>
  </testcase>
  <testcase classname="| srishti.13it066@abes.ac.in | apple |" name="Then Login should be Fail" time="0.011">
    <skipped/>
  </testcase>
  <testcase classname="| srishti.13it066@abes.ac.in | apple |" name="| srishti.13it066@abes.ac.in | apple |" time="0.011">
    <skipped/>
  </testcase>
  <testcase classname="| srishti.13it066@abes.ac.in | apple |" name="| srishti.13it066@abes.ac.in | apple |" time="0.011"/>
  <testcase classname="| srishtidrolia44@gmail.com | dhanicho |" name="Given I am on Gmail login page" time="0.003">
    <skipped/>
    <system-out>
  @Smoke
  Scenario Outline: Bad login                           # log.feature:27
    Given I am on Gmail login page
    When I enter username as srishti.13it066@abes.ac.in
    And I enter password as apple
    Then Login should be Fail
</system-out>
  </testcase>
  <testcase classname="| srishtidrolia44@gmail.com | dhanicho |" name="When I enter username as srishtidrolia44@gmail.com" time="0.003">
    <skipped/>
  </testcase>
  <testcase classname="| srishtidrolia44@gmail.com | dhanicho |" name="And I enter password as dhanicho" time="0.003">
    <skipped/>
  </testcase>
  <testcase classname="| srishtidrolia44@gmail.com | dhanicho |" name="Then Login should be Fail" time="0.005">
    <skipped/>
  </testcase>
  <testcase classname="| srishtidrolia44@gmail.com | dhanicho |" name="| srishtidrolia44@gmail.com | dhanicho |" time="0.006">
    <skipped/>
  </testcase>
  <testcase classname="| srishtidrolia44@gmail.com | dhanicho |" name="| srishtidrolia44@gmail.com | dhanicho |" time="0.006"/>
</testsuite>